Arguments: 
  /Users/donkfather/.nvm/versions/node/v18.16.1/bin/node /Users/donkfather/.nvm/versions/node/v18.16.1/bin/yarn

PATH: 
  /Users/donkfather/.pyenv/shims:/Users/donkfather/.cargo/bin:/Users/donkfather/.pyenv/shims:/Users/donkfather/.nvm/versions/node/v18.16.1/bin:/opt/homebrew/bin:/opt/homebrew/sbin:/usr/local/bin:/System/Cryptexes/App/usr/bin:/usr/bin:/bin:/usr/sbin:/sbin:/Library/Apple/usr/bin:/Users/donkfather/.composer/vendor/bin:/Users/donkfather/development/flutter/bin:/Applications/PhpStorm.app/Contents/MacOS:/Users/donkfather/.composer/vendor/bin:/Users/donkfather/development/flutter/bin:/Applications/PhpStorm.app/Contents/MacOS

Yarn version: 
  1.22.19

Node version: 
  18.16.1

Platform: 
  darwin arm64

Trace: 
  Error: https://registry.yarnpkg.com/@tsconfig%2fnode16: tunneling socket could not be established, cause=connect ECONNREFUSED 127.0.0.1:9090
      at ClientRequest.onError (/Users/donkfather/.nvm/versions/node/v18.16.1/lib/node_modules/yarn/lib/cli.js:152376:17)
      at Object.onceWrapper (node:events:628:26)
      at ClientRequest.emit (node:events:513:28)
      at Socket.socketErrorListener (node:_http_client:502:9)
      at Socket.emit (node:events:513:28)
      at emitErrorNT (node:internal/streams/destroy:151:8)
      at emitErrorCloseNT (node:internal/streams/destroy:116:3)
      at process.processTicksAndRejections (node:internal/process/task_queues:82:21)

npm manifest: 
  {
    "name": "com.bhdit.tapo",
    "version": "1.0.0",
    "main": "app.js",
    "scripts": {
      "lint": "eslint --ext .js,.ts --ignore-path .gitignore ."
    },
    "devDependencies": {
      "@tsconfig/node16": "^16.1.1",
      "@types/homey": "npm:homey-apps-sdk-v3-types@^0.3.5",
      "@types/node": "^20.11.5",
      "eslint": "^7.32.0",
      "eslint-config-athom": "^3.1.3"
    }
  }

yarn manifest: 
  No manifest

Lockfile: 
  No lockfile
